::1 - - [13/Jul/2021:08:05:02 +0000] "POST /api/auth/signup/ HTTP/1.1" 500 1557 "-" "PostmanRuntime/7.28.1"
::1 - - [13/Jul/2021:08:07:18 +0000] "POST /api/auth/signup/ HTTP/1.1" 400 43 "-" "PostmanRuntime/7.28.1"
::1 - - [13/Jul/2021:08:08:40 +0000] "POST /api/auth/signup/?email=nicolas.alphonso@gmail.com&username=nicolasalphonso&password=MPas56*/lfMP HTTP/1.1" 400 43 "-" "PostmanRuntime/7.28.1"
::1 - - [13/Jul/2021:08:09:16 +0000] "POST /api/auth/signup/?email=nicolas.alphonso@gmail.com&username=nicolasalphonso&password=MPas56**lfMP HTTP/1.1" 400 43 "-" "PostmanRuntime/7.28.1"
::1 - - [13/Jul/2021:08:09:52 +0000] "POST /api/auth/signup/?email=nicolasalphonso@gmail.com&username=nicolasalphonso&password=MPas56**lfMP HTTP/1.1" 400 43 "-" "PostmanRuntime/7.28.1"
::1 - - [13/Jul/2021:08:10:38 +0000] "POST /api/auth/signup/?email=nicolasalphonso@gmail.com&username=nicolasalphonso&password=MPas56**lfMP HTTP/1.1" 400 43 "-" "PostmanRuntime/7.28.1"
::1 - - [13/Jul/2021:08:11:23 +0000] "POST /api/auth/signup/?email=nicolasalphonso@gmail.com&username=nicolasalphonso&password=MPas56**lfMP HTTP/1.1" 400 157 "-" "PostmanRuntime/7.28.1"
::1 - - [13/Jul/2021:08:11:31 +0000] "POST /api/auth/signup/?email=nicolasalphonso@gmail.com&username=nicolasalphonso&password=MPas56**lf HTTP/1.1" 400 157 "-" "PostmanRuntime/7.28.1"
::1 - - [13/Jul/2021:08:11:51 +0000] "POST /api/auth/signup/?email=nicolasalphonso@gmail.com&username=nicolasalphonso&password=MPas56*plf HTTP/1.1" 400 157 "-" "PostmanRuntime/7.28.1"
::1 - - [13/Jul/2021:08:12:08 +0000] "POST /api/auth/signup/?email=nicolasalphonso@gmail.com&username=nicolasalphonso&password=MPas56%23plf HTTP/1.1" 429 60 "-" "PostmanRuntime/7.28.1"
::1 - - [13/Jul/2021:08:12:27 +0000] "POST /api/auth/signup/?email=nicolasalphonso@gmail.com&username=nicolasalphonso&password=MPas56%23plf HTTP/1.1" 400 157 "-" "PostmanRuntime/7.28.1"
::1 - - [13/Jul/2021:08:13:02 +0000] "POST /api/auth/signup/?email=nicolasalphonso@gmail.com&username=nicolasalphonso&password=MPas56%23plf HTTP/1.1" 500 12 "-" "PostmanRuntime/7.28.1"
::1 - - [13/Jul/2021:08:13:48 +0000] "POST /api/auth/signup/?email=nicolasalphonso@gmail.com&username=nicolasalphonso&password=MPas56%23plf HTTP/1.1" 500 12 "-" "PostmanRuntime/7.28.1"
::1 - - [13/Jul/2021:08:16:18 +0000] "POST /api/auth/signup/?email=nicolasalphonso@gmail.com&username=nicolasalphonso&password=MPas56%23plf HTTP/1.1" 500 12 "-" "PostmanRuntime/7.28.1"
::1 - - [13/Jul/2021:08:18:32 +0000] "POST /api/auth/signup/?email=nicolasalphonso@gmail.com&username=nicolasalphonso&password=MPas56%23plf HTTP/1.1" 500 1580 "-" "PostmanRuntime/7.28.1"
::1 - - [13/Jul/2021:08:19:22 +0000] "POST /api/auth/signup/?email=nicolasalphonso@gmail.com&username=nicolasalphonso&password=MPas56%23plf HTTP/1.1" 500 1583 "-" "PostmanRuntime/7.28.1"
::1 - - [13/Jul/2021:08:21:54 +0000] "POST /api/auth/signup/?email=nicolasalphonso@gmail.com&username=nicolasalphonso&password=MPas56%23plf HTTP/1.1" 500 1583 "-" "PostmanRuntime/7.28.1"
::1 - - [13/Jul/2021:08:23:49 +0000] "POST /api/auth/signup/?email=nicolasalphonso@gmail.com&username=nicolasalphonso&password=MPas56%23plf HTTP/1.1" 500 1580 "-" "PostmanRuntime/7.28.1"
::1 - - [13/Jul/2021:08:28:11 +0000] "POST /api/auth/signup/?email=nicolasalphonso@gmail.com&username=nicolasalphonso&password=MPas56%23plf HTTP/1.1" 500 1583 "-" "PostmanRuntime/7.28.1"
::1 - - [13/Jul/2021:08:31:44 +0000] "POST /api/auth/signup/?email=nicolas.alphonso@gmail.com&username=nicolasalphonso&password=MPas56%23plf HTTP/1.1" 500 1583 "-" "PostmanRuntime/7.28.1"
::1 - - [13/Jul/2021:08:39:19 +0000] "POST /api/auth/signup/?email=nicolas.alphonso@gmail.com&username=nicolasalphonso&password=MPas56%23plf HTTP/1.1" - - "-" "PostmanRuntime/7.28.1"
::1 - - [13/Jul/2021:08:44:15 +0000] "POST /api/auth/signup/?email=nicolas.alphonso@gmail.com&username=nicolasalphonso&password=MPas56%23plf HTTP/1.1" - - "-" "PostmanRuntime/7.28.1"
::1 - - [13/Jul/2021:08:44:37 +0000] "POST /api/auth/signop/?email=nicolas.alphonso@gmail.com&username=nicolasalphonso&password=MPas56%23plf HTTP/1.1" 404 156 "-" "PostmanRuntime/7.28.1"
::1 - - [13/Jul/2021:08:44:54 +0000] "POST /api/auth/signup/?email=nicolas.alphonso@gmail.com&username=nicolasalphonso&password=MPas56%23plf HTTP/1.1" - - "-" "PostmanRuntime/7.28.1"
::1 - - [13/Jul/2021:08:44:57 +0000] "POST /api/auth/signup/?username=nicolasalphonso&password=MPas56%23plf HTTP/1.1" - - "-" "PostmanRuntime/7.28.1"
::1 - - [13/Jul/2021:08:45:00 +0000] "POST /api/auth/signup/ HTTP/1.1" 429 60 "-" "PostmanRuntime/7.28.1"
::1 - - [13/Jul/2021:08:47:52 +0000] "POST /api/auth/signup/?email=nicolas.alphonso@gmail.com&username=nicolasalphonso&password=MPas56%23plf HTTP/1.1" - - "-" "PostmanRuntime/7.28.1"
::1 - - [13/Jul/2021:08:55:57 +0000] "POST /api/auth/signup/?email=nicolas.alphonso@gmail.com&username=nicolasalphonso&password=MPas56%23plf HTTP/1.1" - - "-" "PostmanRuntime/7.28.1"
::1 - - [13/Jul/2021:09:00:47 +0000] "POST /api/auth/signup/?email=nicolas.alphonso@gmail.com&username=nicolasalphonso&password=MPas56%23plf HTTP/1.1" 500 27 "-" "PostmanRuntime/7.28.1"
::1 - - [13/Jul/2021:09:01:10 +0000] "POST /api/auth/signup/?email=nicolas.alphonso@gmail.com&username=nicolasalphonso&password=MPas56%23plf HTTP/1.1" 500 27 "-" "PostmanRuntime/7.28.1"
::1 - - [13/Jul/2021:09:02:30 +0000] "POST /api/auth/signup/?email=nicolas.alphonso@gmail.com&username=nicolasalphonso&password=MPas56%23plf HTTP/1.1" - - "-" "PostmanRuntime/7.28.1"
::1 - - [13/Jul/2021:09:02:37 +0000] "POST /api/auth/signup/?email=nicolas.alphonso@gmail.com&username=nicolasalphonso&password=MPas56%23plf HTTP/1.1" 500 27 "-" "PostmanRuntime/7.28.1"
::1 - - [13/Jul/2021:09:02:51 +0000] "POST /api/auth/signup/?email=nicolas.alphonso@gmail.com&username=nicolasalphonso&password=MPas56%23plf HTTP/1.1" 500 27 "-" "PostmanRuntime/7.28.1"
::1 - - [13/Jul/2021:09:03:58 +0000] "POST /api/auth/signup/?email=nicolas.alphonso@gmail.com&username=nicolasalphonso&password=MPas56%23plf HTTP/1.1" 500 85 "-" "PostmanRuntime/7.28.1"
::1 - - [13/Jul/2021:09:04:36 +0000] "POST /api/auth/signup/?email=nicolas.alphonso@gmail.com&username=nicolasalphonso&password=MPas56%23plf HTTP/1.1" 201 12 "-" "PostmanRuntime/7.28.1"
::1 - - [13/Jul/2021:09:12:41 +0000] "POST /api/auth/signup/?email=nicolas.alphonso@gmail.com&username=nicolasalphonso&password=MPas56%23plf HTTP/1.1" 201 12 "-" "PostmanRuntime/7.28.1"
::1 - - [13/Jul/2021:09:12:56 +0000] "POST /api/auth/signup/?email=nicolas.alphonso@gmail.com&username=nicolasalphonso&password=MPas56%23plf HTTP/1.1" 201 12 "-" "PostmanRuntime/7.28.1"
::1 - - [13/Jul/2021:10:16:49 +0000] "POST /api/auth/signup/ HTTP/1.1" - - "-" "PostmanRuntime/7.28.1"
::1 - - [13/Jul/2021:10:18:40 +0000] "POST /api/auth/signup/?email=nicolas.alphonso@gmail.com&username=nicolasalphonso&password=MPas56%23plf HTTP/1.1" 500 93 "-" "PostmanRuntime/7.28.1"
::1 - - [13/Jul/2021:10:19:48 +0000] "POST /api/auth/signup/ HTTP/1.1" 500 93 "-" "PostmanRuntime/7.28.1"
::1 - - [13/Jul/2021:10:20:18 +0000] "POST /api/auth/signup/ HTTP/1.1" 500 93 "-" "PostmanRuntime/7.28.1"
::1 - - [13/Jul/2021:10:23:11 +0000] "POST /api/auth/signup/ HTTP/1.1" 500 93 "-" "PostmanRuntime/7.28.1"
::1 - - [13/Jul/2021:10:25:06 +0000] "POST /api/auth/signup/ HTTP/1.1" 500 93 "-" "PostmanRuntime/7.28.1"
::1 - - [13/Jul/2021:10:25:28 +0000] "POST /api/auth/signup/?email=nicolas.alphonso@gmail.com&username=nicolasalphonso&password=MPas56%23plf HTTP/1.1" 500 93 "-" "PostmanRuntime/7.28.1"
::1 - - [13/Jul/2021:10:40:22 +0000] "POST /api/auth/signup/?email=nicolas.alphonso@gmail.com&username=nicolasalphonso&password=MPas56%23plf HTTP/1.1" 500 93 "-" "PostmanRuntime/7.28.1"
::1 - - [13/Jul/2021:10:41:47 +0000] "POST /api/auth/signup/?email=nicolas.alphonso@gmail.com&username=nicolasalphonso&password=MPas56%23plf HTTP/1.1" 500 93 "-" "PostmanRuntime/7.28.1"
::1 - - [13/Jul/2021:10:43:15 +0000] "POST /api/auth/signup/?email=nicolas.alphonso@gmail.com&username=nicolasalphonso&password=MPas56%23plf HTTP/1.1" 500 95 "-" "PostmanRuntime/7.28.1"
::1 - - [13/Jul/2021:10:43:56 +0000] "POST /api/auth/signup/?email=nicolas.alphonso@gmail.com&username=nicolasalphonso&password=MPas56%23plf HTTP/1.1" 500 95 "-" "PostmanRuntime/7.28.1"
::1 - - [13/Jul/2021:10:45:27 +0000] "POST /api/auth/signup/?email=nicolas.alphonso@gmail.com&username=nicolasalphonso&password=MPas56%23plf HTTP/1.1" 500 95 "-" "PostmanRuntime/7.28.1"
::1 - - [13/Jul/2021:10:46:10 +0000] "POST /api/auth/signup/?email=nicolas.alphonso@gmail.com&username=nicolasalphonso&password=MPas56%23plf HTTP/1.1" 500 95 "-" "PostmanRuntime/7.28.1"
::1 - - [13/Jul/2021:10:46:33 +0000] "POST /api/auth/signup/?email=nicolas.alphonso@gmail.com&username=nicolasalphonso&password=MPas56%23plf HTTP/1.1" 500 95 "-" "PostmanRuntime/7.28.1"
::1 - - [13/Jul/2021:10:46:45 +0000] "POST /api/auth/signup/?email=nicolas.alphonso@gmail.com&username=nicolasalphonso&password=MPas56%23plf HTTP/1.1" 500 95 "-" "PostmanRuntime/7.28.1"
::1 - - [13/Jul/2021:10:47:26 +0000] "POST /api/auth/signup/?email=nicolas.alphonso@gmail.com&username=nicolasalphonso&password=MPas56%23plf HTTP/1.1" 500 95 "-" "PostmanRuntime/7.28.1"
::1 - - [13/Jul/2021:10:49:35 +0000] "POST /api/auth/signup/?email=nicolas.alphonso@gmail.com&username=nicolasalphonso&password=MPas56%23plf HTTP/1.1" 500 95 "-" "PostmanRuntime/7.28.1"
::1 - - [13/Jul/2021:10:50:31 +0000] "POST /api/auth/signup/?email=nicolas.alphonso@gmail.com&username=nicolasalphonso&password=MPas56%23plf HTTP/1.1" 500 95 "-" "PostmanRuntime/7.28.1"
::1 - - [13/Jul/2021:10:51:11 +0000] "POST /api/auth/signup/?email=nicolas.alphonso@gmail.com&username=nicolasalphonso&password=MPas56%23plf HTTP/1.1" 500 92 "-" "PostmanRuntime/7.28.1"
::1 - - [13/Jul/2021:10:54:05 +0000] "POST /api/auth/signup/?email=nicolas.alphonso@gmail.com&username=nicolasalphonso&password=MPas56%23plf HTTP/1.1" 500 92 "-" "PostmanRuntime/7.28.1"
::1 - - [13/Jul/2021:10:54:23 +0000] "POST /api/auth/signup/?email=nicolas.alphonso@gmail.com&username=nicolasalphonso&password=MPas56%23plf HTTP/1.1" 500 92 "-" "PostmanRuntime/7.28.1"
::1 - - [13/Jul/2021:10:58:53 +0000] "POST /api/auth/signup/?email=nicolas.alphonso@gmail.com&username=nicolasalphonso&password=MPas56%23plf HTTP/1.1" 500 93 "-" "PostmanRuntime/7.28.1"
::1 - - [13/Jul/2021:11:03:02 +0000] "POST /api/auth/signup/?email=nicolas.alphonso@gmail.com&username=nicolasalphonso&password=MPas56%23plf HTTP/1.1" 500 92 "-" "PostmanRuntime/7.28.1"
::1 - - [13/Jul/2021:11:03:40 +0000] "POST /api/auth/signup/ HTTP/1.1" 500 92 "-" "PostmanRuntime/7.28.1"
::1 - - [13/Jul/2021:11:07:37 +0000] "POST /api/auth/signup/ HTTP/1.1" 500 92 "-" "PostmanRuntime/7.28.1"
::1 - - [13/Jul/2021:11:09:13 +0000] "POST /api/auth/signup/ HTTP/1.1" 500 95 "-" "PostmanRuntime/7.28.1"
::1 - - [13/Jul/2021:11:09:37 +0000] "POST /api/auth/signup/ HTTP/1.1" 500 95 "-" "PostmanRuntime/7.28.1"
::1 - - [13/Jul/2021:11:24:42 +0000] "POST /api/auth/signup/ HTTP/1.1" - - "-" "PostmanRuntime/7.28.2"
::1 - - [13/Jul/2021:11:24:47 +0000] "POST /api/auth/signup/ HTTP/1.1" - - "-" "PostmanRuntime/7.28.2"
::1 - - [13/Jul/2021:11:29:54 +0000] "POST /api/auth/signup/ HTTP/1.1" - - "-" "PostmanRuntime/7.28.2"
::1 - - [13/Jul/2021:11:47:10 +0000] "POST /api/auth/signup/ HTTP/1.1" - - "-" "PostmanRuntime/7.28.2"
::1 - - [13/Jul/2021:14:03:20 +0000] "POST /api/auth/signup/ HTTP/1.1" - - "-" "PostmanRuntime/7.28.2"
::1 - - [13/Jul/2021:14:25:04 +0000] "POST /api/auth/signup/ HTTP/1.1" 500 95 "-" "PostmanRuntime/7.28.2"
::1 - - [13/Jul/2021:14:25:23 +0000] "POST /api/auth/signup/ HTTP/1.1" 500 95 "-" "PostmanRuntime/7.28.2"
::1 - - [13/Jul/2021:14:25:55 +0000] "POST /api/auth/signup/ HTTP/1.1" 500 95 "-" "PostmanRuntime/7.28.2"
::1 - - [13/Jul/2021:14:27:33 +0000] "POST /api/auth/signup/ HTTP/1.1" 500 95 "-" "PostmanRuntime/7.28.2"
::1 - - [13/Jul/2021:14:27:41 +0000] "POST /api/auth/signup/ HTTP/1.1" 500 95 "-" "PostmanRuntime/7.28.2"
::1 - - [13/Jul/2021:14:27:57 +0000] "POST /api/auth/signup/ HTTP/1.1" 500 95 "-" "PostmanRuntime/7.28.2"
::1 - - [13/Jul/2021:14:28:16 +0000] "POST /api/auth/signup/ HTTP/1.1" 500 95 "-" "PostmanRuntime/7.28.2"
::1 - - [13/Jul/2021:14:28:41 +0000] "POST /api/auth/signup/ HTTP/1.1" 500 95 "-" "PostmanRuntime/7.28.2"
::1 - - [13/Jul/2021:14:30:28 +0000] "POST /api/auth/signup/ HTTP/1.1" 500 95 "-" "PostmanRuntime/7.28.2"
::1 - - [13/Jul/2021:15:00:54 +0000] "POST /api/auth/signup/ HTTP/1.1" 500 95 "-" "PostmanRuntime/7.28.2"
::1 - - [13/Jul/2021:15:01:01 +0000] "POST /api/auth/signup/ HTTP/1.1" 500 95 "-" "PostmanRuntime/7.28.2"
::1 - - [13/Jul/2021:15:12:09 +0000] "POST /api/auth/signup/ HTTP/1.1" 500 96 "-" "PostmanRuntime/7.28.2"
::1 - - [13/Jul/2021:15:12:22 +0000] "POST /api/auth/signup/ HTTP/1.1" 500 96 "-" "PostmanRuntime/7.28.2"
::1 - - [13/Jul/2021:15:12:48 +0000] "POST /api/auth/signup/ HTTP/1.1" 500 96 "-" "PostmanRuntime/7.28.2"
::1 - - [13/Jul/2021:15:13:18 +0000] "POST /api/auth/signup/ HTTP/1.1" 500 96 "-" "PostmanRuntime/7.28.2"
::1 - - [13/Jul/2021:15:13:35 +0000] "POST /api/auth/signup/ HTTP/1.1" 500 95 "-" "PostmanRuntime/7.28.2"
::1 - - [13/Jul/2021:15:16:06 +0000] "POST /api/auth/signup/ HTTP/1.1" 500 95 "-" "PostmanRuntime/7.28.2"
::1 - - [13/Jul/2021:15:16:52 +0000] "POST /api/auth/signup/ HTTP/1.1" 500 95 "-" "PostmanRuntime/7.28.2"
::1 - - [13/Jul/2021:15:24:21 +0000] "POST /api/auth/signup/ HTTP/1.1" 500 95 "-" "PostmanRuntime/7.28.2"
::1 - - [13/Jul/2021:15:25:36 +0000] "POST /api/auth/signup/ HTTP/1.1" 500 95 "-" "PostmanRuntime/7.28.2"
::1 - - [13/Jul/2021:15:26:39 +0000] "POST /api/auth/signup/ HTTP/1.1" 500 95 "-" "PostmanRuntime/7.28.2"
::1 - - [13/Jul/2021:15:38:49 +0000] "POST /api/auth/signup/ HTTP/1.1" 500 95 "-" "PostmanRuntime/7.28.2"
::1 - - [13/Jul/2021:15:47:21 +0000] "POST /api/auth/signup/ HTTP/1.1" 201 12 "-" "PostmanRuntime/7.28.2"
::1 - - [13/Jul/2021:15:49:33 +0000] "POST /api/auth/signup/ HTTP/1.1" 500 112 "-" "PostmanRuntime/7.28.2"
::1 - - [13/Jul/2021:15:49:44 +0000] "POST /api/auth/signup/ HTTP/1.1" 201 12 "-" "PostmanRuntime/7.28.2"
::1 - - [13/Jul/2021:15:54:18 +0000] "POST /api/auth/signup/ HTTP/1.1" 201 12 "-" "PostmanRuntime/7.28.2"
::1 - - [13/Jul/2021:15:57:20 +0000] "POST /api/auth/signup/ HTTP/1.1" 201 12 "-" "PostmanRuntime/7.28.2"
::1 - - [13/Jul/2021:16:53:17 +0000] "POST /api/auth/signup/ HTTP/1.1" 201 12 "-" "PostmanRuntime/7.28.2"
::1 - - [13/Jul/2021:16:53:20 +0000] "POST /api/auth/signup/ HTTP/1.1" 400 1963 "-" "PostmanRuntime/7.28.2"
::1 - - [13/Jul/2021:16:53:49 +0000] "POST /api/auth/signup/ HTTP/1.1" 400 1774 "-" "PostmanRuntime/7.28.2"
::1 - - [13/Jul/2021:16:53:58 +0000] "POST /api/auth/signup/ HTTP/1.1" 201 12 "-" "PostmanRuntime/7.28.2"
::1 - - [15/Jul/2021:04:29:52 +0000] "POST /api/auth/signup/?email=nicolas.alphonso@gmail.com&username=nicolasalphonso&password=MPas56%23plf HTTP/1.1" 400 2026 "-" "PostmanRuntime/7.28.2"
::1 - - [15/Jul/2021:04:33:29 +0000] "POST /api/auth/signup/?email=nicolas.alphonso@gmail.com&username=nicolasalphonso&password=MPas56%23plf HTTP/1.1" 201 12 "-" "PostmanRuntime/7.28.2"
::1 - - [15/Jul/2021:04:34:46 +0000] "POST /api/auth/signup/?email=nicolas.alphonso@gmail.com&username=nicolasalphonso&password=MPas56%23plf HTTP/1.1" 201 12 "-" "PostmanRuntime/7.28.2"
::1 - - [15/Jul/2021:04:35:03 +0000] "POST /api/auth/signup/?email=nicolas.alphonso@gmail.com&username=nicolasalphonso&password=MPas56%23plf HTTP/1.1" 201 12 "-" "PostmanRuntime/7.28.2"
::1 - - [15/Jul/2021:04:35:59 +0000] "POST /api/auth/signup/?email=nicolas.alphonso@gmail.com&username=nicolasalphonso&password=MPas56%23plf HTTP/1.1" 400 1852 "-" "PostmanRuntime/7.28.2"
::1 - - [15/Jul/2021:04:36:09 +0000] "POST /api/auth/signup/?email=nicolas.alphonso@gmail.com&username=nicolasalphonso&password=MPas56%23plf HTTP/1.1" 201 13 "-" "PostmanRuntime/7.28.2"
::1 - - [15/Jul/2021:04:37:34 +0000] "POST /api/auth/signup/?email=nicolas.alphonso@gmail.com&username=nicolasalphonso&password=MPas56%23plf HTTP/1.1" 400 12 "-" "PostmanRuntime/7.28.2"
::1 - - [15/Jul/2021:04:38:10 +0000] "POST /api/auth/signup/?email=nicolas.alphonso@gmail.com&username=nicolasalphonso&password=MPas56%23plf HTTP/1.1" 400 2023 "-" "PostmanRuntime/7.28.2"
::1 - - [15/Jul/2021:04:38:29 +0000] "POST /api/auth/signup/?email=nicolas.alphonso@gmail.com&username=nicolasalphonso&password=MPas56%23plf HTTP/1.1" 201 13 "-" "PostmanRuntime/7.28.2"
::1 - - [15/Jul/2021:04:38:51 +0000] "POST /api/auth/signup/?email=nicolas.alphonso@gmail.com&username=nicolasalphonso&password=MPas56%23plf HTTP/1.1" 201 13 "-" "PostmanRuntime/7.28.2"
::1 - - [15/Jul/2021:04:40:41 +0000] "POST /api/auth/signup/?email=nicolas.alphonso@gmail.com&username=nicolasalphonso&password=MPas56%23plf HTTP/1.1" 400 2029 "-" "PostmanRuntime/7.28.2"
::1 - - [15/Jul/2021:04:40:53 +0000] "POST /api/auth/signup/?email=nicolas.alphonso@gmail.com&username=nicolasalphonso&password=MPas56%23plf HTTP/1.1" 400 1852 "-" "PostmanRuntime/7.28.2"
::1 - - [15/Jul/2021:04:41:06 +0000] "POST /api/auth/signup/?email=nicolas.alphonso@gmail.com&username=nicolasalphonso&password=MPas56%23plf HTTP/1.1" 201 13 "-" "PostmanRuntime/7.28.2"
::1 - - [15/Jul/2021:04:44:13 +0000] "POST /api/auth/login HTTP/1.1" - - "-" "PostmanRuntime/7.28.2"
::1 - - [15/Jul/2021:04:48:57 +0000] "POST /api/auth/login HTTP/1.1" - - "-" "PostmanRuntime/7.28.2"
::1 - - [15/Jul/2021:04:49:06 +0000] "POST /api/auth/login HTTP/1.1" - - "-" "PostmanRuntime/7.28.2"
::1 - - [15/Jul/2021:04:50:26 +0000] "POST /api/auth/login HTTP/1.1" - - "-" "PostmanRuntime/7.28.2"
::1 - - [15/Jul/2021:04:51:44 +0000] "POST /api/auth/login HTTP/1.1" - - "-" "PostmanRuntime/7.28.2"
::1 - - [15/Jul/2021:04:51:58 +0000] "POST /api/auth/login HTTP/1.1" - - "-" "PostmanRuntime/7.28.2"
::1 - - [15/Jul/2021:04:52:50 +0000] "POST /api/auth/login HTTP/1.1" - - "-" "PostmanRuntime/7.28.2"
::1 - - [15/Jul/2021:05:09:18 +0000] "POST /api/auth/login HTTP/1.1" 200 140 "-" "PostmanRuntime/7.28.2"
::1 - - [15/Jul/2021:05:09:58 +0000] "POST /api/auth/login HTTP/1.1" 200 152 "-" "PostmanRuntime/7.28.2"
::1 - - [15/Jul/2021:05:10:48 +0000] "POST /api/auth/login HTTP/1.1" 401 36 "-" "PostmanRuntime/7.28.2"
::1 - - [15/Jul/2021:05:36:30 +0000] "GET /api/posts HTTP/1.1" 401 12 "-" "PostmanRuntime/7.28.2"
